<?xml version="1.0" encoding="UTF-8"?>
<!-- Generated by org.testng.reporters.JUnitXMLReporter -->
<testsuite hostname="CHEN-ALAPICHAI" ignored="4" tests="0" failures="0" timestamp="05 Sep 2019 09:58:01 GMT" time="0.005" errors="0">
  <testcase name="@BeforeSuite setup" time="0.0" classname="Base.Main">
    <ignored/>
  </testcase> <!-- @BeforeSuite setup -->
  <testcase name="@BeforeSuite setup" time="0.0" classname="Base.Main">
    <ignored/>
  </testcase> <!-- @BeforeSuite setup -->
  <testcase name="@AfterSuite teardown" time="0.0" classname="Base.Main">
    <ignored/>
  </testcase> <!-- @AfterSuite teardown -->
  <testcase name="@AfterSuite teardown" time="0.0" classname="Base.Main">
    <ignored/>
  </testcase> <!-- @AfterSuite teardown -->
</testsuite>
